2026-05-20T16:49:08.211Z GET / 200 5ms
2026-05-20T16:49:08.264Z GET /styles.css 200 1ms
2026-05-20T16:49:08.270Z GET /app.js 200 1ms
2026-05-20T16:49:08.289Z GET /api/status 200 1ms
2026-05-20T16:49:08.349Z GET /api/usage-status 200 5ms
2026-05-20T16:49:08.360Z GET /api/categories 200 1ms
2026-05-20T16:49:08.370Z GET /api/cache-status 200 3ms
2026-05-20T16:49:08.380Z GET /api/quota-status 200 1ms
2026-05-20T16:49:08.393Z GET /api/trending/discover 200 5ms
2026-05-20T16:49:32.730Z POST /api/research 200 1606ms
2026-05-20T16:49:32.781Z GET /api/quota-status 200 1ms
2026-05-20T16:49:32.825Z GET /api/cache-status 200 1ms
2026-05-23T16:28:51.373Z GET /api/status 200 7ms
2026-05-23T16:29:06.944Z GET /api/shopee/auth-url 200 8ms
2026-05-23T16:36:50.877Z GET /api/status 200 9ms
2026-05-24T01:44:42.589Z GET /api/shopee/auth-url 200 22ms
2026-05-25T05:43:56.269Z GET /api/shopee/auth-url 200 15ms
2026-05-25T06:59:50.205Z GET /api/shopee/auth-url 200 3ms
2026-05-25T07:10:43.897Z GET /api/shopee/callback-debug?code=5955714861676a51534865686a615077&shop_id=161893879 200 11ms
2026-05-25T07:11:03.338Z GET /api/shopee/status 200 4ms
2026-05-25T07:11:06.805Z GET /api/shopee/status 200 2ms
2026-05-25T07:18:07.638Z GET / 200 3ms
2026-05-25T07:18:07.742Z GET /styles.css 200 0ms
2026-05-25T07:18:07.749Z GET /app.js 200 2ms
2026-05-25T07:18:07.815Z GET /api/status 200 7ms
2026-05-25T07:18:07.828Z GET /api/usage-status 200 2ms
2026-05-25T07:18:07.834Z GET /api/categories 200 1ms
2026-05-25T07:18:07.847Z GET /api/cache-status 200 2ms
2026-05-25T07:18:07.872Z GET /api/quota-status 200 2ms
2026-05-25T07:18:08.537Z GET / 200 0ms
2026-05-25T07:18:08.589Z GET /styles.css 200 1ms
2026-05-25T07:18:08.600Z GET /app.js 200 0ms
2026-05-25T07:18:08.661Z GET /api/status 200 1ms
2026-05-25T07:18:08.710Z GET /api/usage-status 200 0ms
2026-05-25T07:18:08.731Z GET /api/categories 200 0ms
2026-05-25T07:18:08.733Z GET /api/cache-status 200 1ms
2026-05-25T07:18:08.752Z GET /api/quota-status 200 2ms
2026-05-25T07:18:09.266Z GET / 200 1ms
2026-05-25T07:18:09.368Z GET /styles.css 200 1ms
2026-05-25T07:18:09.372Z GET /app.js 200 0ms
2026-05-25T07:18:09.472Z GET /api/status 200 0ms
2026-05-25T07:18:09.487Z GET /api/usage-status 200 2ms
2026-05-25T07:18:09.505Z GET /api/categories 200 6ms
2026-05-25T07:18:09.517Z GET /api/cache-status 200 7ms
2026-05-25T07:18:09.530Z GET /api/quota-status 200 1ms
2026-05-25T07:18:15.350Z GET /api/trending/discover 200 6596ms
2026-05-25T07:18:20.646Z GET /api/trending/discover 200 12766ms
2026-05-25T07:18:26.648Z GET /api/trending/discover 200 17113ms
2026-05-25T07:18:26.964Z POST /api/research 200 11639ms
2026-05-25T07:18:26.998Z GET /api/quota-status 200 2ms
2026-05-25T07:18:27.015Z GET /api/cache-status 200 1ms
2026-05-25T07:18:33.668Z GET / 200 0ms
2026-05-25T07:18:33.755Z GET /styles.css 200 1ms
2026-05-25T07:18:33.758Z GET /app.js 200 0ms
2026-05-25T07:18:33.827Z GET /api/status 200 1ms
2026-05-25T07:18:33.843Z GET /api/usage-status 200 1ms
2026-05-25T07:18:33.863Z GET /api/categories 200 1ms
2026-05-25T07:18:33.878Z GET /api/cache-status 200 1ms
2026-05-25T07:18:33.883Z GET /api/quota-status 200 1ms
2026-05-25T07:18:33.894Z GET /api/trending/discover 200 2ms
2026-05-25T07:18:49.102Z POST /api/research 200 1452ms
2026-05-25T07:18:49.133Z GET /api/quota-status 200 1ms
2026-05-25T07:18:49.191Z GET /api/cache-status 200 1ms
2026-05-25T07:19:27.107Z POST /api/research 200 1189ms
2026-05-25T07:19:27.141Z GET /api/quota-status 200 1ms
2026-05-25T07:19:27.162Z GET /api/cache-status 200 1ms
2026-05-25T07:22:38.116Z GET /api/shopee/status 200 15ms
2026-05-25T07:23:04.764Z GET /api/shopee/status 200 2ms
2026-05-25T07:23:18.379Z GET /api/shopee/status 200 13ms
2026-05-25T07:23:19.132Z GET /api/shopee/status 200 1ms
2026-05-25T07:23:19.720Z GET /api/shopee/status 200 1ms
2026-05-25T07:23:20.267Z GET /api/shopee/status 200 2ms
2026-05-25T07:23:21.382Z GET /api/shopee/status 200 1ms
2026-05-25T07:31:48.451Z GET / 200 1ms
2026-05-25T07:31:48.510Z GET /styles.css 200 0ms
2026-05-25T07:31:48.519Z GET /app.js 200 1ms
2026-05-25T07:31:48.587Z GET /api/status 200 2ms
2026-05-25T07:31:48.613Z GET /api/usage-status 200 2ms
2026-05-25T07:31:48.630Z GET /api/categories 200 9ms
2026-05-25T07:31:48.644Z GET /api/cache-status 200 6ms
2026-05-25T07:31:48.649Z GET /api/quota-status 200 2ms
2026-05-25T07:31:48.657Z GET /api/trending/discover 200 5ms
2026-05-25T07:31:54.923Z POST /api/research 200 1782ms
2026-05-25T07:31:54.960Z GET /api/quota-status 200 1ms
2026-05-25T07:31:54.981Z GET /api/cache-status 200 2ms
2026-05-25T07:39:22.644Z GET /api/shopee/status 200 13ms
2026-05-25T07:40:09.354Z GET /api/shopee/status 200 3ms
2026-05-25T07:40:09.989Z GET /api/shopee/status 200 1ms
2026-05-25T07:40:10.243Z GET /api/shopee/status 200 1ms
2026-05-25T07:40:10.457Z GET /api/shopee/status 200 2ms
2026-05-25T07:40:10.669Z GET /api/shopee/status 200 2ms
2026-05-25T07:40:10.859Z GET /api/shopee/status 200 1ms
2026-05-25T07:40:11.060Z GET /api/shopee/status 200 1ms
2026-05-25T07:40:11.292Z GET /api/shopee/status 200 5ms
2026-05-25T07:40:44.122Z GET /api/shopee/status 200 12ms
2026-05-25T07:40:44.801Z GET /api/shopee/status 200 4ms
2026-05-25T07:40:45.252Z GET /api/shopee/status 200 1ms
2026-05-25T07:40:45.486Z GET /api/shopee/status 200 1ms
2026-05-25T07:42:07.675Z GET /api/shopee/callback?code=5955714861676a51534865686a615077&shop_id=161893879 502 543ms
2026-05-25T07:42:16.163Z GET /api/shopee/callback?code=5955714861676a51534865686a615077&shop_id=161893879 502 340ms
2026-05-25T07:42:35.780Z GET /api/shopee/status 200 1ms
2026-05-25T07:42:38.824Z GET /api/shopee/status 200 2ms
2026-05-25T07:42:39.440Z GET /api/shopee/status 200 2ms
2026-05-25T07:42:39.681Z GET /api/shopee/status 200 1ms
2026-05-25T07:42:39.888Z GET /api/shopee/status 200 1ms
2026-05-25T07:42:40.091Z GET /api/shopee/status 200 1ms
2026-05-25T07:42:40.287Z GET /api/shopee/status 200 1ms
2026-05-25T07:42:40.477Z GET /api/shopee/status 200 1ms
2026-05-25T07:42:40.746Z GET /api/shopee/status 200 1ms
2026-05-25T07:42:42.679Z GET /api/shopee/callback?code=5955714861676a51534865686a615077&shop_id=161893879 502 285ms
2026-05-25T07:42:42.907Z GET /api/shopee/callback?code=5955714861676a51534865686a615077&shop_id=161893879 502 54ms
2026-05-25T07:42:43.638Z GET /api/shopee/callback?code=5955714861676a51534865686a615077&shop_id=161893879 502 60ms
2026-05-25T07:42:43.970Z GET /api/shopee/callback?code=5955714861676a51534865686a615077&shop_id=161893879 502 59ms
2026-05-25T07:42:44.237Z GET /api/shopee/callback?code=5955714861676a51534865686a615077&shop_id=161893879 502 58ms
2026-05-25T07:42:44.466Z GET /api/shopee/callback?code=5955714861676a51534865686a615077&shop_id=161893879 502 57ms
2026-05-25T07:42:44.642Z GET /api/shopee/callback?code=5955714861676a51534865686a615077&shop_id=161893879 502 60ms
2026-05-25T07:42:44.843Z GET /api/shopee/callback?code=5955714861676a51534865686a615077&shop_id=161893879 502 52ms
2026-05-25T07:42:45.043Z GET /api/shopee/callback?code=5955714861676a51534865686a615077&shop_id=161893879 502 48ms
2026-05-25T07:42:45.254Z GET /api/shopee/callback?code=5955714861676a51534865686a615077&shop_id=161893879 502 52ms
2026-05-25T07:42:45.476Z GET /api/shopee/callback?code=5955714861676a51534865686a615077&shop_id=161893879 502 82ms
2026-05-25T07:42:45.669Z GET /api/shopee/callback?code=5955714861676a51534865686a615077&shop_id=161893879 502 66ms
2026-05-25T07:42:45.862Z GET /api/shopee/callback?code=5955714861676a51534865686a615077&shop_id=161893879 502 59ms
2026-05-25T07:42:46.054Z GET /api/shopee/callback?code=5955714861676a51534865686a615077&shop_id=161893879 502 49ms
2026-05-25T07:42:46.262Z GET /api/shopee/callback?code=5955714861676a51534865686a615077&shop_id=161893879 502 50ms
2026-05-25T07:42:46.489Z GET /api/shopee/callback?code=5955714861676a51534865686a615077&shop_id=161893879 502 59ms
2026-05-25T07:42:46.687Z GET /api/shopee/callback?code=5955714861676a51534865686a615077&shop_id=161893879 502 57ms
2026-05-25T07:42:46.905Z GET /api/shopee/callback?code=5955714861676a51534865686a615077&shop_id=161893879 502 54ms
2026-05-25T07:42:47.117Z GET /api/shopee/callback?code=5955714861676a51534865686a615077&shop_id=161893879 502 63ms
2026-05-25T07:42:47.349Z GET /api/shopee/callback?code=5955714861676a51534865686a615077&shop_id=161893879 502 66ms
2026-05-25T07:42:47.541Z GET /api/shopee/callback?code=5955714861676a51534865686a615077&shop_id=161893879 502 55ms
2026-05-25T07:42:47.732Z GET /api/shopee/callback?code=5955714861676a51534865686a615077&shop_id=161893879 502 52ms
2026-05-25T07:42:47.986Z GET /api/shopee/callback?code=5955714861676a51534865686a615077&shop_id=161893879 502 70ms
2026-05-25T07:42:48.156Z GET /api/shopee/callback?code=5955714861676a51534865686a615077&shop_id=161893879 502 61ms
2026-05-25T07:42:48.340Z GET /api/shopee/callback?code=5955714861676a51534865686a615077&shop_id=161893879 502 52ms
2026-05-25T07:42:48.547Z GET /api/shopee/callback?code=5955714861676a51534865686a615077&shop_id=161893879 502 72ms
2026-05-25T07:42:48.747Z GET /api/shopee/callback?code=5955714861676a51534865686a615077&shop_id=161893879 502 63ms
2026-05-25T07:42:57.035Z GET /api/shopee/callback?code=5955714861676a51534865686a615077&shop_id=161893879 502 422ms
2026-05-25T07:42:57.225Z GET /api/shopee/callback?code=5955714861676a51534865686a615077&shop_id=161893879 502 64ms
2026-05-25T07:42:57.437Z GET /api/shopee/callback?code=5955714861676a51534865686a615077&shop_id=161893879 502 62ms
2026-05-25T07:42:57.621Z GET /api/shopee/callback?code=5955714861676a51534865686a615077&shop_id=161893879 502 63ms
2026-05-25T07:42:57.805Z GET /api/shopee/callback?code=5955714861676a51534865686a615077&shop_id=161893879 502 60ms
2026-05-25T07:42:57.995Z GET /api/shopee/callback?code=5955714861676a51534865686a615077&shop_id=161893879 502 47ms
2026-05-25T07:42:58.189Z GET /api/shopee/callback?code=5955714861676a51534865686a615077&shop_id=161893879 502 53ms
2026-05-25T07:42:58.376Z GET /api/shopee/callback?code=5955714861676a51534865686a615077&shop_id=161893879 502 48ms
2026-05-25T07:42:58.594Z GET /api/shopee/callback?code=5955714861676a51534865686a615077&shop_id=161893879 502 69ms
2026-05-25T07:42:58.743Z GET /api/shopee/callback?code=5955714861676a51534865686a615077&shop_id=161893879 502 50ms
2026-05-25T07:42:58.938Z GET /api/shopee/callback?code=5955714861676a51534865686a615077&shop_id=161893879 502 55ms
2026-05-25T07:42:59.129Z GET /api/shopee/callback?code=5955714861676a51534865686a615077&shop_id=161893879 502 58ms
2026-05-25T07:42:59.313Z GET /api/shopee/callback?code=5955714861676a51534865686a615077&shop_id=161893879 502 63ms
2026-05-25T07:42:59.495Z GET /api/shopee/callback?code=5955714861676a51534865686a615077&shop_id=161893879 502 63ms
2026-05-25T07:42:59.673Z GET /api/shopee/callback?code=5955714861676a51534865686a615077&shop_id=161893879 502 57ms
2026-05-25T07:42:59.853Z GET /api/shopee/callback?code=5955714861676a51534865686a615077&shop_id=161893879 502 64ms
2026-05-25T07:43:00.035Z GET /api/shopee/callback?code=5955714861676a51534865686a615077&shop_id=161893879 502 55ms
2026-05-25T07:43:00.196Z GET /api/shopee/callback?code=5955714861676a51534865686a615077&shop_id=161893879 502 48ms
2026-05-25T07:43:00.403Z GET /api/shopee/callback?code=5955714861676a51534865686a615077&shop_id=161893879 502 52ms
2026-05-25T07:43:01.796Z GET /api/shopee/status 200 1ms
2026-05-25T07:43:01.982Z GET /api/shopee/status 200 1ms
2026-05-25T07:43:02.183Z GET /api/shopee/status 200 1ms
2026-05-25T07:43:02.366Z GET /api/shopee/status 200 1ms
2026-05-25T07:43:02.566Z GET /api/shopee/status 200 1ms
2026-05-25T07:43:02.766Z GET /api/shopee/status 200 1ms
2026-05-25T07:43:02.966Z GET /api/shopee/status 200 1ms
2026-05-25T07:43:03.141Z GET /api/shopee/status 200 1ms
2026-05-25T07:43:03.373Z GET /api/shopee/status 200 2ms
2026-05-25T07:43:03.548Z GET /api/shopee/status 200 3ms
2026-05-25T10:15:11.250Z GET /api/shopee/status 200 2ms
2026-05-25T10:15:12.147Z GET /api/shopee/status 200 1ms
2026-05-25T10:15:12.663Z GET /api/shopee/status 200 1ms
2026-05-25T10:15:12.857Z GET /api/shopee/status 200 1ms
2026-05-25T10:15:18.324Z GET /api/shopee/callback?code=5955714861676a51534865686a615077&shop_id=161893879 502 3746ms
2026-05-25T10:15:20.617Z GET /api/shopee/callback?code=5955714861676a51534865686a615077&shop_id=161893879 502 173ms
2026-05-25T10:15:21.600Z GET /api/shopee/callback?code=5955714861676a51534865686a615077&shop_id=161893879 502 67ms
2026-05-25T10:15:22.411Z GET /api/shopee/callback?code=5955714861676a51534865686a615077&shop_id=161893879 502 75ms
2026-05-25T10:15:22.997Z GET /api/shopee/callback?code=5955714861676a51534865686a615077&shop_id=161893879 502 66ms
2026-05-25T10:15:23.892Z GET /api/shopee/callback?code=5955714861676a51534865686a615077&shop_id=161893879 502 620ms
2026-05-25T10:15:26.024Z GET /api/shopee/status 200 1ms
2026-05-25T10:15:26.815Z GET /api/shopee/status 200 1ms
2026-05-25T10:15:27.334Z GET /api/shopee/status 200 2ms
2026-05-25T10:15:27.518Z GET /api/shopee/status 200 1ms
2026-05-25T10:15:27.698Z GET /api/shopee/status 200 1ms
2026-05-25T10:15:27.852Z GET /api/shopee/status 200 1ms
2026-05-25T10:16:06.357Z GET /api/shopee/callback?code=5955714861676a51534865686a615077&shop_id=161893879 502 4128ms
2026-05-25T10:21:38.121Z GET /api/shopee/auth-url 200 3ms
2026-05-25T10:23:04.023Z GET /api/shopee/callback?code=564c72416d4c434451656e4641644368&shop_id=161893879 302 1028ms
2026-05-25T10:23:04.047Z GET /?shopee=connected&message=Shopee%20connected%20successfully 200 1ms
2026-05-25T10:23:04.113Z GET /styles.css 200 1ms
2026-05-25T10:23:04.131Z GET /app.js 200 0ms
2026-05-25T10:23:04.415Z GET /api/status 200 2ms
2026-05-25T10:23:04.460Z GET /api/usage-status 200 0ms
2026-05-25T10:23:04.469Z GET /api/categories 200 1ms
2026-05-25T10:23:04.483Z GET /api/cache-status 200 2ms
2026-05-25T10:23:04.494Z GET /api/quota-status 200 4ms
2026-05-25T10:23:04.502Z GET /api/trending/discover 200 4ms
2026-05-25T10:27:09.721Z GET /api/shopee/status 200 1ms
2026-05-25T10:29:42.494Z GET / 200 1ms
2026-05-25T10:29:42.558Z GET /styles.css 200 1ms
2026-05-25T10:29:42.563Z GET /app.js 200 1ms
2026-05-25T10:29:42.625Z GET /api/status 200 1ms
2026-05-25T10:29:42.637Z GET /api/usage-status 200 1ms
2026-05-25T10:29:42.654Z GET /api/categories 200 1ms
2026-05-25T10:29:42.661Z GET /api/cache-status 200 1ms
2026-05-25T10:29:42.676Z GET /api/quota-status 200 1ms
2026-05-25T10:29:42.685Z GET /api/trending/discover 200 2ms
2026-05-25T10:29:48.507Z POST /api/research 200 3428ms
2026-05-25T10:29:48.539Z GET /api/quota-status 200 1ms
2026-05-25T10:29:48.563Z GET /api/cache-status 200 3ms
2026-05-25T10:29:56.836Z POST /api/research 200 2898ms
2026-05-25T10:29:56.872Z GET /api/quota-status 200 0ms
2026-05-25T10:29:56.897Z GET /api/cache-status 200 1ms
2026-05-25T10:30:03.187Z POST /api/research 200 3470ms
2026-05-25T10:30:03.218Z GET /api/quota-status 200 0ms
2026-05-25T10:30:03.241Z GET /api/cache-status 200 2ms
2026-05-25T11:15:49.270Z GET / 200 0ms
2026-05-25T11:15:49.334Z GET /styles.css 200 0ms
2026-05-25T11:15:49.344Z GET /app.js 200 0ms
2026-05-25T11:15:49.369Z GET /api/status 200 0ms
2026-05-25T11:15:49.453Z GET /api/usage-status 200 1ms
2026-05-25T11:15:49.469Z GET /api/categories 200 0ms
2026-05-25T11:15:49.475Z GET /api/cache-status 200 1ms
2026-05-25T11:15:49.483Z GET /api/quota-status 200 1ms
2026-05-25T11:15:49.497Z GET /api/trending/discover 200 6ms
2026-05-25T11:15:50.514Z GET / 200 0ms
2026-05-25T11:15:50.575Z GET /styles.css 200 0ms
2026-05-25T11:15:50.577Z GET /app.js 200 0ms
2026-05-25T11:15:50.662Z GET /api/status 200 0ms
2026-05-25T11:15:50.667Z GET /api/usage-status 200 1ms
2026-05-25T11:15:50.679Z GET /api/categories 200 1ms
2026-05-25T11:15:50.715Z GET /api/cache-status 200 1ms
2026-05-25T11:15:50.756Z GET /api/quota-status 200 3ms
2026-05-25T11:15:50.779Z GET /api/trending/discover 200 3ms
2026-05-25T11:15:51.851Z GET / 200 0ms
2026-05-25T11:15:52.010Z GET /styles.css 200 0ms
2026-05-25T11:15:52.014Z GET /app.js 200 0ms
2026-05-25T11:15:52.141Z GET /api/status 200 1ms
2026-05-25T11:15:52.174Z GET /api/usage-status 200 1ms
2026-05-25T11:15:52.200Z GET /api/categories 200 1ms
2026-05-25T11:15:52.215Z GET /api/cache-status 200 0ms
2026-05-25T11:15:52.228Z GET /api/quota-status 200 2ms
2026-05-25T11:15:52.279Z GET /api/trending/discover 200 4ms
2026-05-25T11:16:01.183Z POST /api/research 200 1306ms
2026-05-25T11:16:01.207Z GET /api/quota-status 200 1ms
2026-05-25T11:16:01.225Z GET /api/cache-status 200 1ms
2026-05-25T11:16:15.706Z POST /api/research 200 4851ms
2026-05-25T11:16:15.738Z GET /api/quota-status 200 0ms
2026-05-25T11:16:15.760Z GET /api/cache-status 200 1ms
2026-05-25T11:20:44.581Z GET /api/shopee/status 200 3ms
2026-05-25T11:56:36.965Z GET / 200 3ms
2026-05-25T11:56:37.073Z GET /styles.css 200 0ms
2026-05-25T11:56:37.082Z GET /app.js 200 0ms
2026-05-25T11:56:37.099Z GET /api/status 200 2ms
2026-05-25T11:56:37.155Z GET /api/usage-status 200 4ms
2026-05-25T11:56:37.166Z GET /api/categories 200 1ms
2026-05-25T11:56:37.230Z GET /api/cache-status 200 55ms
2026-05-25T11:56:37.242Z GET /api/quota-status 200 2ms
2026-05-25T11:56:37.255Z GET /api/trending/discover 200 5ms
2026-05-25T11:56:44.057Z POST /api/research 200 2010ms
2026-05-25T11:56:44.089Z GET /api/quota-status 200 2ms
2026-05-25T11:56:44.108Z GET /api/cache-status 200 1ms
2026-05-25T11:57:05.625Z POST /api/research 200 2548ms
2026-05-25T11:57:05.657Z GET /api/quota-status 200 1ms
2026-05-25T11:57:05.694Z GET /api/cache-status 200 1ms
2026-05-25T11:57:24.132Z POST /api/research 200 1896ms
2026-05-25T11:57:24.170Z GET /api/quota-status 200 2ms
2026-05-25T11:57:24.207Z GET /api/cache-status 200 1ms
2026-05-25T14:13:10.305Z GET / 200 3ms
2026-05-25T14:13:10.385Z GET /styles.css 200 0ms
2026-05-25T14:13:10.391Z GET /app.js 200 0ms
2026-05-25T14:13:10.414Z GET /api/status 200 2ms
2026-05-25T14:13:10.543Z GET /api/usage-status 200 1ms
2026-05-25T14:13:10.561Z GET /api/shopee/status 200 4ms
2026-05-25T14:13:10.610Z GET /api/categories 200 1ms
2026-05-25T14:13:10.615Z GET /api/cache-status 200 2ms
2026-05-25T14:13:10.646Z GET /api/quota-status 200 1ms
2026-05-25T14:13:10.679Z GET /api/trending/discover 200 6ms
2026-05-25T14:13:11.858Z GET / 200 0ms
2026-05-25T14:13:11.908Z GET /styles.css 200 0ms
2026-05-25T14:13:11.911Z GET /app.js 200 1ms
2026-05-25T14:13:11.930Z GET /api/status 200 0ms
2026-05-25T14:13:11.981Z GET /api/usage-status 200 1ms
2026-05-25T14:13:11.990Z GET /api/shopee/status 200 2ms
2026-05-25T14:13:11.998Z GET /api/categories 200 1ms
2026-05-25T14:13:12.011Z GET /api/cache-status 200 1ms
2026-05-25T14:13:12.015Z GET /api/quota-status 200 1ms
2026-05-25T14:13:12.029Z GET /api/trending/discover 200 5ms
2026-05-25T14:13:34.347Z GET / 200 3ms
2026-05-25T14:13:34.412Z GET /styles.css 200 1ms
2026-05-25T14:13:34.416Z GET /app.js 200 0ms
2026-05-25T14:13:34.498Z GET /api/status 200 1ms
2026-05-25T14:13:34.537Z GET /api/usage-status 200 5ms
2026-05-25T14:13:34.559Z GET /api/shopee/status 200 5ms
2026-05-25T14:13:34.575Z GET /api/categories 200 1ms
2026-05-25T14:13:34.634Z GET /api/cache-status 200 57ms
2026-05-25T14:13:34.642Z GET /api/quota-status 200 2ms
2026-05-25T14:13:34.650Z GET /api/trending/discover 200 3ms
2026-05-25T14:13:35.314Z GET / 200 0ms
2026-05-25T14:13:35.363Z GET /styles.css 200 0ms
2026-05-25T14:13:35.372Z GET /app.js 200 0ms
2026-05-25T14:13:35.423Z GET /api/status 200 1ms
2026-05-25T14:13:35.434Z GET /api/usage-status 200 1ms
2026-05-25T14:13:35.443Z GET /api/shopee/status 200 2ms
2026-05-25T14:13:35.466Z GET /api/categories 200 1ms
2026-05-25T14:13:35.479Z GET /api/cache-status 200 1ms
2026-05-25T14:13:35.488Z GET /api/quota-status 200 1ms
2026-05-25T14:13:35.495Z GET /api/trending/discover 200 3ms
2026-05-25T14:13:48.724Z GET / 200 1ms
2026-05-25T14:13:48.781Z GET /styles.css 200 0ms
2026-05-25T14:13:48.797Z GET /app.js 200 1ms
2026-05-25T14:13:48.843Z GET /api/status 200 0ms
2026-05-25T14:13:48.855Z GET /api/usage-status 200 0ms
2026-05-25T14:13:48.860Z GET /api/shopee/status 200 1ms
2026-05-25T14:13:48.870Z GET /api/categories 200 1ms
2026-05-25T14:13:48.878Z GET /api/cache-status 200 1ms
2026-05-25T14:13:48.908Z GET /api/quota-status 200 1ms
2026-05-25T14:13:48.914Z GET /api/trending/discover 200 2ms
2026-05-25T14:14:20.267Z POST /api/research 200 3136ms
2026-05-25T14:14:20.312Z GET /api/quota-status 200 1ms
2026-05-25T14:14:20.345Z GET /api/cache-status 200 0ms
2026-05-25T15:06:59.442Z GET / 200 0ms
2026-05-25T15:06:59.566Z GET /styles.css 200 0ms
2026-05-25T15:06:59.571Z GET /app.js 200 1ms
2026-05-25T15:06:59.867Z GET /api/status 200 1ms
2026-05-25T15:07:00.029Z GET /api/usage-status 200 1ms
2026-05-25T15:07:00.658Z GET /api/shopee/status 200 368ms
2026-05-25T15:07:00.701Z GET /api/categories 200 1ms
2026-05-25T15:07:00.706Z GET /api/cache-status 200 1ms
2026-05-25T15:07:00.733Z GET /api/quota-status 200 0ms
2026-05-25T15:07:00.770Z GET /api/trending/discover 200 2ms
2026-05-25T15:07:02.052Z GET / 200 0ms
2026-05-25T15:07:02.128Z GET /styles.css 200 1ms
2026-05-25T15:07:02.137Z GET /app.js 200 0ms
2026-05-25T15:07:02.216Z GET /api/status 200 0ms
2026-05-25T15:07:02.253Z GET /api/usage-status 200 0ms
2026-05-25T15:07:02.271Z GET /api/shopee/status 200 3ms
2026-05-25T15:07:02.287Z GET /api/categories 200 0ms
2026-05-25T15:07:02.298Z GET /api/cache-status 200 1ms
2026-05-25T15:07:02.304Z GET /api/quota-status 200 1ms
2026-05-25T15:07:02.313Z GET /api/trending/discover 200 3ms
2026-05-25T15:07:03.168Z GET / 200 1ms
2026-05-25T15:07:03.240Z GET /styles.css 200 1ms
2026-05-25T15:07:03.246Z GET /app.js 200 0ms
2026-05-25T15:07:03.402Z GET /api/status 200 0ms
2026-05-25T15:07:03.431Z GET /api/usage-status 200 1ms
2026-05-25T15:07:03.463Z GET /api/shopee/status 200 2ms
2026-05-25T15:07:03.479Z GET /api/categories 200 1ms
2026-05-25T15:07:03.498Z GET /api/cache-status 200 1ms
2026-05-25T15:07:03.545Z GET /api/quota-status 200 1ms
2026-05-25T15:07:03.565Z GET /api/trending/discover 200 13ms
2026-05-25T15:07:04.564Z GET / 200 0ms
2026-05-25T15:07:04.684Z GET /styles.css 200 0ms
2026-05-25T15:07:04.694Z GET /app.js 200 0ms
2026-05-25T15:07:04.847Z GET /api/status 200 1ms
2026-05-25T15:07:04.894Z GET /api/usage-status 200 1ms
2026-05-25T15:07:04.900Z GET /api/shopee/status 200 2ms
2026-05-25T15:07:04.912Z GET /api/categories 200 1ms
2026-05-25T15:07:04.934Z GET /api/cache-status 200 1ms
2026-05-25T15:07:04.951Z GET /api/quota-status 200 1ms
2026-05-25T15:07:04.972Z GET /api/trending/discover 200 3ms
2026-05-25T15:07:06.242Z GET / 200 0ms
2026-05-25T15:07:06.310Z GET /styles.css 200 0ms
2026-05-25T15:07:06.314Z GET /app.js 200 0ms
2026-05-25T15:07:06.425Z GET /api/status 200 1ms
2026-05-25T15:07:06.448Z GET /api/usage-status 200 1ms
2026-05-25T15:07:06.475Z GET /api/shopee/status 200 1ms
2026-05-25T15:07:06.486Z GET /api/categories 200 0ms
2026-05-25T15:07:06.493Z GET /api/cache-status 200 1ms
2026-05-25T15:07:06.511Z GET /api/quota-status 200 1ms
2026-05-25T15:07:06.517Z GET /api/trending/discover 200 4ms
2026-05-25T15:07:07.144Z GET / 200 0ms
2026-05-25T15:07:07.242Z GET /styles.css 200 1ms
2026-05-25T15:07:07.248Z GET /app.js 200 0ms
2026-05-25T15:07:07.364Z GET /api/status 200 0ms
2026-05-25T15:07:07.392Z GET /api/usage-status 200 1ms
2026-05-25T15:07:07.414Z GET /api/shopee/status 200 2ms
2026-05-25T15:07:07.430Z GET /api/categories 200 1ms
2026-05-25T15:07:07.433Z GET /api/cache-status 200 1ms
2026-05-25T15:07:07.444Z GET /api/quota-status 200 1ms
2026-05-25T15:07:07.453Z GET /api/trending/discover 200 2ms
2026-05-25T15:07:16.606Z POST /api/research 200 1739ms
2026-05-25T15:07:16.717Z GET /api/quota-status 200 1ms
2026-05-25T15:07:16.727Z GET /api/cache-status 200 1ms
2026-05-25T15:07:39.397Z POST /api/research 200 2019ms
2026-05-25T15:07:39.436Z GET /api/quota-status 200 5ms
2026-05-25T15:07:39.455Z GET /api/cache-status 200 4ms
2026-05-26T01:30:38.512Z GET / 200 3ms
2026-05-26T01:30:38.551Z GET /styles.css 200 0ms
2026-05-26T01:30:38.555Z GET /app.js 200 0ms
2026-05-26T01:30:38.580Z GET /api/status 200 1ms
2026-05-26T01:30:38.849Z GET /api/usage-status 200 4ms
2026-05-26T01:30:38.852Z GET /favicon.ico 200 0ms
2026-05-26T01:30:39.158Z GET /api/shopee/status 200 303ms
2026-05-26T01:30:39.171Z GET /api/categories 200 1ms
2026-05-26T01:30:39.221Z GET /api/cache-status 200 45ms
2026-05-26T01:30:39.232Z GET /api/quota-status 200 2ms
2026-05-26T01:30:39.238Z GET /api/trending/discover 200 4ms
2026-05-26T01:30:48.491Z POST /api/research 200 1788ms
2026-05-26T01:30:48.526Z GET /api/quota-status 200 2ms
2026-05-26T01:30:48.550Z GET /api/cache-status 200 1ms
2026-05-26T02:01:08.638Z GET / 200 5ms
2026-05-26T02:01:08.686Z GET /styles.css 200 1ms
2026-05-26T02:01:08.698Z GET /app.js 200 0ms
2026-05-26T02:01:08.742Z GET /api/status 200 2ms
2026-05-26T02:01:08.753Z GET /api/usage-status 200 5ms
2026-05-26T02:01:08.760Z GET /api/shopee/status 200 5ms
2026-05-26T02:01:08.774Z GET /api/categories 200 2ms
2026-05-26T02:01:08.839Z GET /api/cache-status 200 62ms
2026-05-26T02:01:08.849Z GET /api/quota-status 200 1ms
2026-05-26T02:01:08.856Z GET /api/trending/discover 200 3ms
2026-05-26T02:01:09.574Z GET / 200 0ms
2026-05-26T02:01:09.614Z GET /styles.css 200 0ms
2026-05-26T02:01:09.618Z GET /app.js 200 0ms
2026-05-26T02:01:09.690Z GET /api/status 200 1ms
2026-05-26T02:01:09.735Z GET /api/usage-status 200 1ms
2026-05-26T02:01:09.744Z GET /api/shopee/status 200 1ms
2026-05-26T02:01:09.751Z GET /api/categories 200 1ms
2026-05-26T02:01:09.757Z GET /api/cache-status 200 1ms
2026-05-26T02:01:09.765Z GET /api/quota-status 200 2ms
2026-05-26T02:01:09.775Z GET /api/trending/discover 200 4ms
2026-05-26T02:01:10.269Z GET / 200 0ms
2026-05-26T02:01:10.306Z GET /styles.css 200 0ms
2026-05-26T02:01:10.314Z GET /app.js 200 1ms
2026-05-26T02:01:10.332Z GET /api/status 200 1ms
2026-05-26T02:01:10.362Z GET /api/usage-status 200 0ms
2026-05-26T02:01:10.370Z GET /api/shopee/status 200 2ms
2026-05-26T02:01:10.381Z GET /api/categories 200 1ms
2026-05-26T02:01:10.390Z GET /api/cache-status 200 1ms
2026-05-26T02:01:10.398Z GET /api/quota-status 200 1ms
2026-05-26T02:01:10.410Z GET /api/trending/discover 200 2ms
2026-05-26T02:01:16.947Z POST /api/research 200 1830ms
2026-05-26T02:01:16.988Z GET /api/quota-status 200 1ms
2026-05-26T02:01:17.014Z GET /api/cache-status 200 2ms
2026-05-26T02:12:17.313Z GET / 200 3ms
2026-05-26T02:12:17.360Z GET /styles.css 200 0ms
2026-05-26T02:12:17.371Z GET /app.js 200 0ms
2026-05-26T02:12:17.623Z GET /api/status 200 2ms
2026-05-26T02:12:17.646Z GET /api/usage-status 200 6ms
2026-05-26T02:12:17.662Z GET /api/shopee/status 200 6ms
2026-05-26T02:12:17.676Z GET /api/categories 200 1ms
2026-05-26T02:12:17.758Z GET /api/cache-status 200 69ms
2026-05-26T02:12:17.762Z GET /api/quota-status 200 1ms
2026-05-26T02:12:17.770Z GET /api/trending/discover 200 2ms
2026-05-26T02:12:49.355Z POST /api/research 200 20328ms
2026-05-26T02:12:49.396Z GET /api/quota-status 200 2ms
2026-05-26T02:12:49.558Z GET /api/cache-status 200 2ms
2026-05-26T02:14:58.731Z GET / 200 6ms
2026-05-26T02:14:58.795Z GET /styles.css 200 1ms
2026-05-26T02:14:58.797Z GET /app.js 200 0ms
2026-05-26T02:14:58.838Z GET /api/status 200 1ms
2026-05-26T02:14:58.847Z GET /api/usage-status 200 4ms
2026-05-26T02:14:58.859Z GET /api/shopee/status 200 7ms
2026-05-26T02:14:58.875Z GET /api/categories 200 1ms
2026-05-26T02:14:58.956Z GET /api/cache-status 200 69ms
2026-05-26T02:14:58.969Z GET /api/quota-status 200 2ms
2026-05-26T02:14:58.981Z GET /api/trending/discover 200 3ms
2026-05-26T02:15:15.767Z POST /api/research 200 2088ms
2026-05-26T02:15:15.805Z GET /api/quota-status 200 2ms
2026-05-26T02:15:15.832Z GET /api/cache-status 200 1ms
2026-05-26T02:19:31.516Z GET /api/cache-clear 200 10ms
2026-05-26T02:19:35.595Z GET / 200 0ms
2026-05-26T02:19:35.634Z GET /styles.css 200 1ms
2026-05-26T02:19:35.645Z GET /app.js 200 0ms
2026-05-26T02:19:35.661Z GET /api/status 200 2ms
2026-05-26T02:19:35.694Z GET /api/usage-status 200 2ms
2026-05-26T02:19:35.703Z GET /api/shopee/status 200 5ms
2026-05-26T02:19:35.716Z GET /api/categories 200 1ms
2026-05-26T02:19:35.787Z GET /api/cache-status 200 68ms
2026-05-26T02:19:35.800Z GET /api/quota-status 200 2ms
2026-05-26T02:19:35.816Z GET /api/trending/discover 200 3ms
2026-05-26T02:20:10.408Z POST /api/research 200 23398ms
2026-05-26T02:20:10.637Z GET /api/quota-status 200 2ms
2026-05-26T02:20:10.841Z GET /api/cache-status 200 2ms
2026-05-26T02:56:10.745Z GET / 200 4ms
2026-05-26T02:56:10.815Z GET /styles.css 200 1ms
2026-05-26T02:56:10.817Z GET /app.js 200 0ms
2026-05-26T02:56:10.838Z GET /api/status 200 2ms
2026-05-26T02:56:10.872Z GET /api/usage-status 200 5ms
2026-05-26T02:56:10.881Z GET /api/shopee/status 200 5ms
2026-05-26T02:56:10.891Z GET /api/categories 200 2ms
2026-05-26T02:56:10.965Z GET /api/cache-status 200 70ms
2026-05-26T02:56:10.979Z GET /api/quota-status 200 5ms
2026-05-26T02:56:10.989Z GET /api/trending/discover 200 6ms
2026-05-26T02:56:41.326Z POST /api/research 200 20418ms
2026-05-26T02:56:41.577Z GET /api/quota-status 200 4ms
2026-05-26T02:56:41.799Z GET /api/cache-status 200 1ms
2026-05-26T05:05:26.037Z GET / 200 1ms
2026-05-26T05:05:26.071Z GET /styles.css 200 0ms
2026-05-26T05:05:26.083Z GET /app.js 200 1ms
2026-05-26T05:05:26.322Z GET /api/status 200 2ms
2026-05-26T05:05:26.337Z GET /api/usage-status 200 5ms
2026-05-26T05:05:26.349Z GET /api/shopee/status 200 6ms
2026-05-26T05:05:26.366Z GET /api/categories 200 2ms
2026-05-26T05:05:26.452Z GET /api/cache-status 200 82ms
2026-05-26T05:05:26.464Z GET /api/quota-status 200 1ms
2026-05-26T05:05:26.471Z GET /api/trending/discover 200 3ms
2026-05-26T05:06:02.184Z POST /api/research 200 20156ms
2026-05-26T05:06:02.235Z GET /api/quota-status 200 2ms
2026-05-26T05:06:02.265Z GET /api/cache-status 200 1ms
2026-05-28T19:23:50.910Z GET / 200 5ms
2026-05-28T19:23:50.953Z GET /styles.css 200 0ms
2026-05-28T19:23:50.966Z GET /app.js 200 1ms
2026-05-28T19:23:51.160Z GET /api/status 200 2ms
2026-05-28T19:23:51.194Z GET /api/usage-status 200 4ms
2026-05-28T19:23:51.199Z GET /favicon.ico 200 0ms
2026-05-28T19:23:51.902Z GET /api/shopee/status 200 700ms
2026-05-28T19:23:51.913Z GET /api/categories 200 1ms
2026-05-28T19:23:52.009Z GET /api/cache-status 200 86ms
2026-05-28T19:23:52.020Z GET /api/quota-status 200 2ms
2026-05-28T19:23:57.030Z GET /api/trending/discover 200 5005ms
